<?xml version="1.0" encoding="UTF-8"?>
<testsuite name="com.sample.bank.service.WithdrawServiceTest" time="0.726" tests="4" errors="0" skipped="0" failures="0">
  <properties>
[...]
</properties>
  <testcase name="have1000_widthdraw_1000_should_remain_0" classname="com.sample.bank.service.WithdrawServiceTest" time="0.699"/>
  <testcase name="have1000_widthdraw_1005_should_raise_exception" classname="com.sample.bank.service.WithdrawServiceTest" time="0"/>
  <testcase name="have1000_widthdraw_500_should_remain_500" classname="com.sample.bank.service.WithdrawServiceTest" time="0.001"/>
  <testcase name="demo_verify" classname="com.sample.bank.service.WithdrawServiceTest" time="0.026"/>
</testsuite>